{"uid":"9a044660e9263276","name":"test_create_user_with_all_required_valid_values_returns_200","fullName":"test.users.test_post_user#test_create_user_with_all_required_valid_values_returns_200","historyId":"224184b995256f76b55841ee1ab75322","time":{"start":1726087510675,"stop":1726087510829,"duration":154},"status":"failed","statusMessage":"AssertionError: Expected status code 200, but got 403. Response text:","statusTrace":"teardown_user = []\n\n    @pytest.mark.createuser\n    def test_create_user_with_all_required_valid_values_returns_200(teardown_user):\n        created_teams = teardown_user\n        url = EndpointUser.get_base_user()\n        data = create_user_data(user_type=\"regular\", is_active=False, user_name=\"ben_crack\", salutation_name=\"Mr.\",\n                                first_name=\"Darwin\", last_name=\"Garcia\", send_access_info=False)\n        AssertionManager.assert_create_user_schema_file(json.loads(data))\n        response = UserService.create_user(url, data)\n>       AssertionManager.assert_status_code_200(response)\n\ntest/users/test_post_user.py:17: \n_ _ _ _ _ _ _ _ _ _ _ _ _ _ _ _ _ _ _ _ _ _ _ _ _ _ _ _ _ _ _ _ _ _ _ _ _ _ _ _ \n\nresponse = <Response [403]>\n\n    @staticmethod\n    def assert_status_code_200(response):\n        logger.info(f\"Validating status code 200 for response with URL: {response.url}\")\n        try:\n>           assert response.status_code == 200, (\n                f\"Expected status code 200, but got {response.status_code}. Response text: {response.text}\"\n            )\nE           AssertionError: Expected status code 200, but got 403. Response text:\n\ncore/assertions/status_code_assertion.py:11: AssertionError","flaky":false,"newFailed":false,"newBroken":false,"newPassed":false,"retriesCount":0,"retriesStatusChange":false,"beforeStages":[{"name":"_session_faker","time":{"start":1726087466101,"stop":1726087466118,"duration":17},"status":"passed","steps":[],"attachments":[],"parameters":[],"shouldDisplayMessage":false,"stepsCount":0,"attachmentsCount":0,"hasContent":false},{"name":"setup_teardown_team","time":{"start":1726087502535,"stop":1726087502736,"duration":201},"status":"passed","steps":[],"attachments":[],"parameters":[],"shouldDisplayMessage":false,"stepsCount":0,"attachmentsCount":0,"hasContent":false},{"name":"teardown_user","time":{"start":1726087510675,"stop":1726087510675,"duration":0},"status":"passed","steps":[],"attachments":[],"parameters":[],"shouldDisplayMessage":false,"stepsCount":0,"attachmentsCount":0,"hasContent":false}],"testStage":{"status":"failed","statusMessage":"AssertionError: Expected status code 200, but got 403. Response text:","statusTrace":"teardown_user = []\n\n    @pytest.mark.createuser\n    def test_create_user_with_all_required_valid_values_returns_200(teardown_user):\n        created_teams = teardown_user\n        url = EndpointUser.get_base_user()\n        data = create_user_data(user_type=\"regular\", is_active=False, user_name=\"ben_crack\", salutation_name=\"Mr.\",\n                                first_name=\"Darwin\", last_name=\"Garcia\", send_access_info=False)\n        AssertionManager.assert_create_user_schema_file(json.loads(data))\n        response = UserService.create_user(url, data)\n>       AssertionManager.assert_status_code_200(response)\n\ntest/users/test_post_user.py:17: \n_ _ _ _ _ _ _ _ _ _ _ _ _ _ _ _ _ _ _ _ _ _ _ _ _ _ _ _ _ _ _ _ _ _ _ _ _ _ _ _ \n\nresponse = <Response [403]>\n\n    @staticmethod\n    def assert_status_code_200(response):\n        logger.info(f\"Validating status code 200 for response with URL: {response.url}\")\n        try:\n>           assert response.status_code == 200, (\n                f\"Expected status code 200, but got {response.status_code}. Response text: {response.text}\"\n            )\nE           AssertionError: Expected status code 200, but got 403. Response text:\n\ncore/assertions/status_code_assertion.py:11: AssertionError","steps":[],"attachments":[{"uid":"e13b6dfae0e57f1","name":"log","source":"e13b6dfae0e57f1.txt","type":"text/plain","size":1717},{"uid":"e8460821f2b74b42","name":"stderr","source":"e8460821f2b74b42.txt","type":"text/plain","size":1793}],"parameters":[],"shouldDisplayMessage":true,"stepsCount":0,"attachmentsCount":2,"hasContent":true},"afterStages":[{"name":"teardown_user::0","time":{"start":1726087510837,"stop":1726087510837,"duration":0},"status":"passed","steps":[],"attachments":[],"parameters":[],"shouldDisplayMessage":false,"stepsCount":0,"attachmentsCount":0,"hasContent":false},{"name":"setup_teardown_team::0","time":{"start":1726087521069,"stop":1726087521213,"duration":144},"status":"passed","steps":[],"attachments":[],"parameters":[],"shouldDisplayMessage":false,"stepsCount":0,"attachmentsCount":0,"hasContent":false}],"labels":[{"name":"tag","value":"createuser"},{"name":"parentSuite","value":"test.users"},{"name":"suite","value":"test_post_user"},{"name":"host","value":"fv-az1435-834"},{"name":"thread","value":"2084-MainThread"},{"name":"framework","value":"pytest"},{"name":"language","value":"cpython3"},{"name":"package","value":"test.users.test_post_user"},{"name":"resultFormat","value":"allure2"}],"parameters":[],"links":[],"hidden":false,"retry":false,"extra":{"severity":"normal","retries":[],"categories":[{"name":"Product defects","matchedStatuses":[],"flaky":false}],"tags":["createuser"]},"source":"9a044660e9263276.json","parameterValues":[]}