{"uid":"d83178bcf38fea57","name":"test_create_user_with_all_required_valid_values_returns_200","fullName":"test.users.test_post_user#test_create_user_with_all_required_valid_values_returns_200","historyId":"224184b995256f76b55841ee1ab75322","time":{"start":1726090729729,"stop":1726090729916,"duration":187},"status":"failed","statusMessage":"AssertionError: Expected status code 200, but got 403. Response text:","statusTrace":"teardown_user = []\n\n    @pytest.mark.createuser\n    def test_create_user_with_all_required_valid_values_returns_200(teardown_user):\n        created_teams = teardown_user\n        url = EndpointUser.get_base_user()\n        data = create_user_data(user_type=\"regular\", is_active=False, user_name=\"ben_crack\", salutation_name=\"Mr.\",\n                                first_name=\"Darwin\", last_name=\"Garcia\", send_access_info=False)\n        AssertionManager.assert_create_user_schema_file(json.loads(data))\n        response = UserService.create_user(url, data)\n>       AssertionManager.assert_status_code_200(response)\n\ntest/users/test_post_user.py:17: \n_ _ _ _ _ _ _ _ _ _ _ _ _ _ _ _ _ _ _ _ _ _ _ _ _ _ _ _ _ _ _ _ _ _ _ _ _ _ _ _ \n\nresponse = <Response [403]>\n\n    @staticmethod\n    def assert_status_code_200(response):\n        logger.info(f\"Validating status code 200 for response with URL: {response.url}\")\n        try:\n>           assert response.status_code == 200, (\n                f\"Expected status code 200, but got {response.status_code}. Response text: {response.text}\"\n            )\nE           AssertionError: Expected status code 200, but got 403. Response text:\n\ncore/assertions/status_code_assertion.py:11: AssertionError","flaky":false,"newFailed":false,"newBroken":false,"newPassed":false,"retriesCount":0,"retriesStatusChange":false,"beforeStages":[{"name":"_session_faker","time":{"start":1726090705999,"stop":1726090706016,"duration":17},"status":"passed","steps":[],"attachments":[],"parameters":[],"shouldDisplayMessage":false,"stepsCount":0,"attachmentsCount":0,"hasContent":false},{"name":"teardown_user","time":{"start":1726090729729,"stop":1726090729729,"duration":0},"status":"passed","steps":[],"attachments":[],"parameters":[],"shouldDisplayMessage":false,"stepsCount":0,"attachmentsCount":0,"hasContent":false}],"testStage":{"status":"failed","statusMessage":"AssertionError: Expected status code 200, but got 403. Response text:","statusTrace":"teardown_user = []\n\n    @pytest.mark.createuser\n    def test_create_user_with_all_required_valid_values_returns_200(teardown_user):\n        created_teams = teardown_user\n        url = EndpointUser.get_base_user()\n        data = create_user_data(user_type=\"regular\", is_active=False, user_name=\"ben_crack\", salutation_name=\"Mr.\",\n                                first_name=\"Darwin\", last_name=\"Garcia\", send_access_info=False)\n        AssertionManager.assert_create_user_schema_file(json.loads(data))\n        response = UserService.create_user(url, data)\n>       AssertionManager.assert_status_code_200(response)\n\ntest/users/test_post_user.py:17: \n_ _ _ _ _ _ _ _ _ _ _ _ _ _ _ _ _ _ _ _ _ _ _ _ _ _ _ _ _ _ _ _ _ _ _ _ _ _ _ _ \n\nresponse = <Response [403]>\n\n    @staticmethod\n    def assert_status_code_200(response):\n        logger.info(f\"Validating status code 200 for response with URL: {response.url}\")\n        try:\n>           assert response.status_code == 200, (\n                f\"Expected status code 200, but got {response.status_code}. Response text: {response.text}\"\n            )\nE           AssertionError: Expected status code 200, but got 403. Response text:\n\ncore/assertions/status_code_assertion.py:11: AssertionError","steps":[],"attachments":[{"uid":"936ace83d17de765","name":"log","source":"936ace83d17de765.txt","type":"text/plain","size":1717},{"uid":"6711295b6b7921f0","name":"stderr","source":"6711295b6b7921f0.txt","type":"text/plain","size":1793}],"parameters":[],"shouldDisplayMessage":true,"stepsCount":0,"attachmentsCount":2,"hasContent":true},"afterStages":[{"name":"teardown_user::0","time":{"start":1726090729924,"stop":1726090729924,"duration":0},"status":"passed","steps":[],"attachments":[],"parameters":[],"shouldDisplayMessage":false,"stepsCount":0,"attachmentsCount":0,"hasContent":false}],"labels":[{"name":"tag","value":"createuser"},{"name":"parentSuite","value":"test.users"},{"name":"suite","value":"test_post_user"},{"name":"host","value":"fv-az837-91"},{"name":"thread","value":"2054-MainThread"},{"name":"framework","value":"pytest"},{"name":"language","value":"cpython3"},{"name":"package","value":"test.users.test_post_user"},{"name":"resultFormat","value":"allure2"}],"parameters":[],"links":[],"hidden":false,"retry":false,"extra":{"severity":"normal","retries":[],"categories":[{"name":"Product defects","matchedStatuses":[],"flaky":false}],"tags":["createuser"]},"source":"d83178bcf38fea57.json","parameterValues":[]}