{"uid":"e9ab4eec4028d8b6","name":"test_negative_max_size_returns_400","fullName":"test.users.test_get_users#test_negative_max_size_returns_400","historyId":"442c759c1f94256f089458b272e417c0","time":{"start":1726753311867,"stop":1726753312071,"duration":204},"status":"skipped","statusMessage":"XFAIL This test case is expected to fail due to known issue.\n\nAssertionError: Expected status code 400, but got 500. Response text:","statusTrace":"setup_teardown_user = {'accountsIds': [], 'accountsNames': {}, 'authMethod': None, 'avatarColor': '#ef2b2b', ...}\n\n    @pytest.mark.listuser\n    @pytest.mark.xfail(reason=\"This test case is expected to fail due to known issue.\", condition=True)\n    def test_negative_max_size_returns_400(setup_teardown_user):\n        url = EndpointUser.get_list_user(maxSize=-1)\n        response = UserService.get_list_user(url)\n>       AssertionManager.assert_status_code_400(response)\n\ntest/users/test_get_users.py:59: \n_ _ _ _ _ _ _ _ _ _ _ _ _ _ _ _ _ _ _ _ _ _ _ _ _ _ _ _ _ _ _ _ _ _ _ _ _ _ _ _ \n\nresponse = <Response [500]>\n\n    @staticmethod\n    def assert_status_code_400(response):\n        logger.info(f\"Validating status code 400 for response with URL: {response.url}\")\n        try:\n>           assert response.status_code == 400, (\n                f\"Expected status code 400, but got {response.status_code}. Response text: {response.text}\"\n            )\nE           AssertionError: Expected status code 400, but got 500. Response text:\n\ncore/assertions/status_code_assertion.py:37: AssertionError","flaky":false,"newFailed":false,"newBroken":false,"newPassed":false,"retriesCount":0,"retriesStatusChange":false,"beforeStages":[{"name":"_session_faker","time":{"start":1726753273924,"stop":1726753273940,"duration":16},"status":"passed","steps":[],"attachments":[],"parameters":[],"shouldDisplayMessage":false,"stepsCount":0,"attachmentsCount":0,"hasContent":false},{"name":"setup_teardown_team_global","time":{"start":1726753306636,"stop":1726753306816,"duration":180},"status":"passed","steps":[],"attachments":[],"parameters":[],"shouldDisplayMessage":false,"stepsCount":0,"attachmentsCount":0,"hasContent":false},{"name":"setup_teardown_user","time":{"start":1726753310865,"stop":1726753311075,"duration":210},"status":"passed","steps":[],"attachments":[],"parameters":[],"shouldDisplayMessage":false,"stepsCount":0,"attachmentsCount":0,"hasContent":false}],"testStage":{"status":"skipped","statusMessage":"XFAIL This test case is expected to fail due to known issue.\n\nAssertionError: Expected status code 400, but got 500. Response text:","statusTrace":"setup_teardown_user = {'accountsIds': [], 'accountsNames': {}, 'authMethod': None, 'avatarColor': '#ef2b2b', ...}\n\n    @pytest.mark.listuser\n    @pytest.mark.xfail(reason=\"This test case is expected to fail due to known issue.\", condition=True)\n    def test_negative_max_size_returns_400(setup_teardown_user):\n        url = EndpointUser.get_list_user(maxSize=-1)\n        response = UserService.get_list_user(url)\n>       AssertionManager.assert_status_code_400(response)\n\ntest/users/test_get_users.py:59: \n_ _ _ _ _ _ _ _ _ _ _ _ _ _ _ _ _ _ _ _ _ _ _ _ _ _ _ _ _ _ _ _ _ _ _ _ _ _ _ _ \n\nresponse = <Response [500]>\n\n    @staticmethod\n    def assert_status_code_400(response):\n        logger.info(f\"Validating status code 400 for response with URL: {response.url}\")\n        try:\n>           assert response.status_code == 400, (\n                f\"Expected status code 400, but got {response.status_code}. Response text: {response.text}\"\n            )\nE           AssertionError: Expected status code 400, but got 500. Response text:\n\ncore/assertions/status_code_assertion.py:37: AssertionError","steps":[],"attachments":[{"uid":"e30d843140e8d58e","name":"log","source":"e30d843140e8d58e.txt","type":"text/plain","size":1971},{"uid":"cea8b49d518e1eba","name":"stderr","source":"cea8b49d518e1eba.txt","type":"text/plain","size":2040}],"parameters":[],"shouldDisplayMessage":true,"stepsCount":0,"attachmentsCount":2,"hasContent":true},"afterStages":[{"name":"setup_teardown_user::0","time":{"start":1726753312625,"stop":1726753312818,"duration":193},"status":"passed","steps":[],"attachments":[],"parameters":[],"shouldDisplayMessage":false,"stepsCount":0,"attachmentsCount":0,"hasContent":false},{"name":"setup_teardown_team_global::0","time":{"start":1726753324534,"stop":1726753324699,"duration":165},"status":"passed","steps":[],"attachments":[],"parameters":[],"shouldDisplayMessage":false,"stepsCount":0,"attachmentsCount":0,"hasContent":false}],"labels":[{"name":"tag","value":"@pytest.mark.xfail(reason='This test case is expected to fail due to known issue.', condition=True)"},{"name":"tag","value":"listuser"},{"name":"parentSuite","value":"test.users"},{"name":"suite","value":"test_get_users"},{"name":"host","value":"fv-az770-235"},{"name":"thread","value":"2195-MainThread"},{"name":"framework","value":"pytest"},{"name":"language","value":"cpython3"},{"name":"package","value":"test.users.test_get_users"},{"name":"resultFormat","value":"allure2"}],"parameters":[],"links":[],"hidden":false,"retry":false,"extra":{"severity":"normal","retries":[],"categories":[],"tags":["@pytest.mark.xfail(reason='This test case is expected to fail due to known issue.', condition=True)","listuser"]},"source":"e9ab4eec4028d8b6.json","parameterValues":[]}