{"uid":"ec57efaffba524d0","name":"test_create_user_with_invalid_or_missing_is_active_defaults_to_false_returns_200","fullName":"test.users.test_post_user#test_create_user_with_invalid_or_missing_is_active_defaults_to_false_returns_200","historyId":"23f49396d0dea5face9eb409f48c96a2","time":{"start":1726088170594,"stop":1726088170749,"duration":155},"status":"failed","statusMessage":"AssertionError: Expected status code 200, but got 403. Response text:","statusTrace":"teardown_user = []\n\n    @pytest.mark.createuser\n    def test_create_user_with_invalid_or_missing_is_active_defaults_to_false_returns_200(teardown_user):\n        created_teams = teardown_user\n        url = EndpointUser.get_base_user()\n        data = create_user_data(is_active=\"unknown\")\n        response = UserService.create_user(url, data)\n>       AssertionManager.assert_status_code_200(response)\n\ntest/users/test_post_user.py:68: \n_ _ _ _ _ _ _ _ _ _ _ _ _ _ _ _ _ _ _ _ _ _ _ _ _ _ _ _ _ _ _ _ _ _ _ _ _ _ _ _ \n\nresponse = <Response [403]>\n\n    @staticmethod\n    def assert_status_code_200(response):\n        logger.info(f\"Validating status code 200 for response with URL: {response.url}\")\n        try:\n>           assert response.status_code == 200, (\n                f\"Expected status code 200, but got {response.status_code}. Response text: {response.text}\"\n            )\nE           AssertionError: Expected status code 200, but got 403. Response text:\n\ncore/assertions/status_code_assertion.py:11: AssertionError","flaky":false,"newFailed":false,"newBroken":false,"newPassed":false,"retriesCount":0,"retriesStatusChange":false,"beforeStages":[{"name":"_session_faker","time":{"start":1726088127629,"stop":1726088127646,"duration":17},"status":"passed","steps":[],"attachments":[],"parameters":[],"shouldDisplayMessage":false,"stepsCount":0,"attachmentsCount":0,"hasContent":false},{"name":"setup_teardown_team","time":{"start":1726088162131,"stop":1726088162309,"duration":178},"status":"passed","steps":[],"attachments":[],"parameters":[],"shouldDisplayMessage":false,"stepsCount":0,"attachmentsCount":0,"hasContent":false},{"name":"teardown_user","time":{"start":1726088170594,"stop":1726088170594,"duration":0},"status":"passed","steps":[],"attachments":[],"parameters":[],"shouldDisplayMessage":false,"stepsCount":0,"attachmentsCount":0,"hasContent":false}],"testStage":{"status":"failed","statusMessage":"AssertionError: Expected status code 200, but got 403. Response text:","statusTrace":"teardown_user = []\n\n    @pytest.mark.createuser\n    def test_create_user_with_invalid_or_missing_is_active_defaults_to_false_returns_200(teardown_user):\n        created_teams = teardown_user\n        url = EndpointUser.get_base_user()\n        data = create_user_data(is_active=\"unknown\")\n        response = UserService.create_user(url, data)\n>       AssertionManager.assert_status_code_200(response)\n\ntest/users/test_post_user.py:68: \n_ _ _ _ _ _ _ _ _ _ _ _ _ _ _ _ _ _ _ _ _ _ _ _ _ _ _ _ _ _ _ _ _ _ _ _ _ _ _ _ \n\nresponse = <Response [403]>\n\n    @staticmethod\n    def assert_status_code_200(response):\n        logger.info(f\"Validating status code 200 for response with URL: {response.url}\")\n        try:\n>           assert response.status_code == 200, (\n                f\"Expected status code 200, but got {response.status_code}. Response text: {response.text}\"\n            )\nE           AssertionError: Expected status code 200, but got 403. Response text:\n\ncore/assertions/status_code_assertion.py:11: AssertionError","steps":[],"attachments":[{"uid":"61ff957bda913de1","name":"log","source":"61ff957bda913de1.txt","type":"text/plain","size":1519},{"uid":"df9111f63d6b8189","name":"stderr","source":"df9111f63d6b8189.txt","type":"text/plain","size":1589}],"parameters":[],"shouldDisplayMessage":true,"stepsCount":0,"attachmentsCount":2,"hasContent":true},"afterStages":[{"name":"teardown_user::0","time":{"start":1726088170756,"stop":1726088170757,"duration":1},"status":"passed","steps":[],"attachments":[],"parameters":[],"shouldDisplayMessage":false,"stepsCount":0,"attachmentsCount":0,"hasContent":false},{"name":"setup_teardown_team::0","time":{"start":1726088180300,"stop":1726088180436,"duration":136},"status":"passed","steps":[],"attachments":[],"parameters":[],"shouldDisplayMessage":false,"stepsCount":0,"attachmentsCount":0,"hasContent":false}],"labels":[{"name":"tag","value":"createuser"},{"name":"parentSuite","value":"test.users"},{"name":"suite","value":"test_post_user"},{"name":"host","value":"fv-az840-814"},{"name":"thread","value":"2064-MainThread"},{"name":"framework","value":"pytest"},{"name":"language","value":"cpython3"},{"name":"package","value":"test.users.test_post_user"},{"name":"resultFormat","value":"allure2"}],"parameters":[],"links":[],"hidden":false,"retry":false,"extra":{"severity":"normal","retries":[],"categories":[{"name":"Product defects","matchedStatuses":[],"flaky":false}],"tags":["createuser"]},"source":"ec57efaffba524d0.json","parameterValues":[]}