{"uid":"facc601078af78d6","name":"test_create_user_with_invalid_default_team_id_returns_400","fullName":"test.users.test_post_user#test_create_user_with_invalid_default_team_id_returns_400","historyId":"c040a7e30cadd53d5cdb36572ec64f36","time":{"start":1726090374480,"stop":1726090374612,"duration":132},"status":"failed","statusMessage":"AssertionError: Expected status code 400, but got 403. Response text:","statusTrace":"setup_teardown_team_global = {'createdAt': '2024-09-11 21:32:44', 'deleted': False, 'id': '66e20c7c03309d3c5', 'layoutSetId': '66d8f8ff4f1c23bca', ...}\n\n    @pytest.mark.createuser\n    def test_create_user_with_invalid_default_team_id_returns_400(setup_teardown_team_global):\n        team = setup_teardown_team_global\n        url = EndpointUser.get_base_user()\n        data = create_user_data(teams_ids=[team['id']], default_team_id=\"59173389930\")\n        response = UserService.create_user(url, data)\n>       AssertionManager.assert_status_code_400(response)\n\ntest/users/test_post_user.py:249: \n_ _ _ _ _ _ _ _ _ _ _ _ _ _ _ _ _ _ _ _ _ _ _ _ _ _ _ _ _ _ _ _ _ _ _ _ _ _ _ _ \n\nresponse = <Response [403]>\n\n    @staticmethod\n    def assert_status_code_400(response):\n        logger.info(f\"Validating status code 400 for response with URL: {response.url}\")\n        try:\n>           assert response.status_code == 400, (\n                f\"Expected status code 400, but got {response.status_code}. Response text: {response.text}\"\n            )\nE           AssertionError: Expected status code 400, but got 403. Response text:\n\ncore/assertions/status_code_assertion.py:37: AssertionError","flaky":false,"newFailed":false,"newBroken":false,"newPassed":false,"retriesCount":0,"retriesStatusChange":false,"beforeStages":[{"name":"_session_faker","time":{"start":1726090329569,"stop":1726090329586,"duration":17},"status":"passed","steps":[],"attachments":[],"parameters":[],"shouldDisplayMessage":false,"stepsCount":0,"attachmentsCount":0,"hasContent":false},{"name":"setup_teardown_team_global","time":{"start":1726090363857,"stop":1726090364039,"duration":182},"status":"passed","steps":[],"attachments":[],"parameters":[],"shouldDisplayMessage":false,"stepsCount":0,"attachmentsCount":0,"hasContent":false}],"testStage":{"status":"failed","statusMessage":"AssertionError: Expected status code 400, but got 403. Response text:","statusTrace":"setup_teardown_team_global = {'createdAt': '2024-09-11 21:32:44', 'deleted': False, 'id': '66e20c7c03309d3c5', 'layoutSetId': '66d8f8ff4f1c23bca', ...}\n\n    @pytest.mark.createuser\n    def test_create_user_with_invalid_default_team_id_returns_400(setup_teardown_team_global):\n        team = setup_teardown_team_global\n        url = EndpointUser.get_base_user()\n        data = create_user_data(teams_ids=[team['id']], default_team_id=\"59173389930\")\n        response = UserService.create_user(url, data)\n>       AssertionManager.assert_status_code_400(response)\n\ntest/users/test_post_user.py:249: \n_ _ _ _ _ _ _ _ _ _ _ _ _ _ _ _ _ _ _ _ _ _ _ _ _ _ _ _ _ _ _ _ _ _ _ _ _ _ _ _ \n\nresponse = <Response [403]>\n\n    @staticmethod\n    def assert_status_code_400(response):\n        logger.info(f\"Validating status code 400 for response with URL: {response.url}\")\n        try:\n>           assert response.status_code == 400, (\n                f\"Expected status code 400, but got {response.status_code}. Response text: {response.text}\"\n            )\nE           AssertionError: Expected status code 400, but got 403. Response text:\n\ncore/assertions/status_code_assertion.py:37: AssertionError","steps":[],"attachments":[{"uid":"9b122a9b0525f37c","name":"log","source":"9b122a9b0525f37c.txt","type":"text/plain","size":1520},{"uid":"ced360122281db5c","name":"stderr","source":"ced360122281db5c.txt","type":"text/plain","size":1589}],"parameters":[],"shouldDisplayMessage":true,"stepsCount":0,"attachmentsCount":2,"hasContent":true},"afterStages":[{"name":"setup_teardown_team_global::0","time":{"start":1726090381623,"stop":1726090381783,"duration":160},"status":"passed","steps":[],"attachments":[],"parameters":[],"shouldDisplayMessage":false,"stepsCount":0,"attachmentsCount":0,"hasContent":false}],"labels":[{"name":"tag","value":"createuser"},{"name":"parentSuite","value":"test.users"},{"name":"suite","value":"test_post_user"},{"name":"host","value":"fv-az1205-438"},{"name":"thread","value":"2065-MainThread"},{"name":"framework","value":"pytest"},{"name":"language","value":"cpython3"},{"name":"package","value":"test.users.test_post_user"},{"name":"resultFormat","value":"allure2"}],"parameters":[],"links":[],"hidden":false,"retry":false,"extra":{"severity":"normal","retries":[],"categories":[{"name":"Product defects","matchedStatuses":[],"flaky":false}],"tags":["createuser"]},"source":"facc601078af78d6.json","parameterValues":[]}